2020-04-03 09:02:10: Starting Hive Metastore Server
which: no hbase in (/usr/lib64/qt-3.3/bin:/usr/local/bin:/bin:/usr/bin:/usr/local/sbin:/usr/sbin:/sbin:/opt/module/jdk1.8.0_144/bin:/opt/module/hadoop-2.7.2/bin:/opt/module/hadoop-2.7.2/sbin:/opt/module/zookeeper/bin:/opt/module/flume/bin:/opt/module/kafka/bin:/opt/module/sqoop/bin:/opt/module/hive/bin:/opt/module/myscripts:/opt/module/jdk1.8.0_144/bin:/opt/module/hadoop-2.7.2/bin:/opt/module/hadoop-2.7.2/sbin:/opt/module/zookeeper/bin:/opt/module/flume/bin:/opt/module/kafka/bin:/opt/module/sqoop/bin:/opt/module/hive/bin:/opt/module/myscripts:/home/atguigu/bin)
2020-04-03 09:02:10: Starting HiveServer2
SLF4J: Class path contains multiple SLF4J bindings.
SLF4J: Found binding in [jar:file:/opt/module/hive/lib/log4j-slf4j-impl-2.6.2.jar!/org/slf4j/impl/StaticLoggerBinder.class]
SLF4J: Found binding in [jar:file:/opt/module/tez-0.9.1/lib/slf4j-log4j12-1.7.10.jar!/org/slf4j/impl/StaticLoggerBinder.class]
SLF4J: Found binding in [jar:file:/opt/module/hadoop-2.7.2/share/hadoop/common/lib/slf4j-log4j12-1.7.10.jar!/org/slf4j/impl/StaticLoggerBinder.class]
SLF4J: See http://www.slf4j.org/codes.html#multiple_bindings for an explanation.
SLF4J: Actual binding is of type [org.apache.logging.slf4j.Log4jLoggerFactory]
SLF4J: Class path contains multiple SLF4J bindings.
SLF4J: Found binding in [jar:file:/opt/module/hive/lib/log4j-slf4j-impl-2.6.2.jar!/org/slf4j/impl/StaticLoggerBinder.class]
SLF4J: Found binding in [jar:file:/opt/module/tez-0.9.1/lib/slf4j-log4j12-1.7.10.jar!/org/slf4j/impl/StaticLoggerBinder.class]
SLF4J: Found binding in [jar:file:/opt/module/hadoop-2.7.2/share/hadoop/common/lib/slf4j-log4j12-1.7.10.jar!/org/slf4j/impl/StaticLoggerBinder.class]
SLF4J: See http://www.slf4j.org/codes.html#multiple_bindings for an explanation.
SLF4J: Actual binding is of type [org.apache.logging.slf4j.Log4jLoggerFactory]
2020-04-03 09:02:13,197 main ERROR Unable to move file /tmp/atguigu/hive.log.2020-04-02 to /tmp/atguigu/hive.log.2020-04-02: java.nio.file.NoSuchFileException /tmp/atguigu/hive.log.2020-04-02 -> /tmp/atguigu/hive.log.2020-04-02
2020-04-03 09:02:13,198 main ERROR Unable to copy file /tmp/atguigu/hive.log.2020-04-02 to /tmp/atguigu/hive.log.2020-04-02: java.nio.file.NoSuchFileException /tmp/atguigu/hive.log.2020-04-02
2020-04-03 09:09:17: Starting Hive Metastore Server
which: no hbase in (/usr/lib64/qt-3.3/bin:/usr/local/bin:/bin:/usr/bin:/usr/local/sbin:/usr/sbin:/sbin:/opt/module/jdk1.8.0_144/bin:/opt/module/hadoop-2.7.2/bin:/opt/module/hadoop-2.7.2/sbin:/opt/module/zookeeper/bin:/opt/module/flume/bin:/opt/module/kafka/bin:/opt/module/sqoop/bin:/opt/module/hive/bin:/opt/module/myscripts:/opt/module/jdk1.8.0_144/bin:/opt/module/hadoop-2.7.2/bin:/opt/module/hadoop-2.7.2/sbin:/opt/module/zookeeper/bin:/opt/module/flume/bin:/opt/module/kafka/bin:/opt/module/sqoop/bin:/opt/module/hive/bin:/opt/module/myscripts:/home/atguigu/bin)
2020-04-03 09:09:17: Starting HiveServer2
SLF4J: Class path contains multiple SLF4J bindings.
SLF4J: Found binding in [jar:file:/opt/module/hive/lib/log4j-slf4j-impl-2.6.2.jar!/org/slf4j/impl/StaticLoggerBinder.class]
SLF4J: Found binding in [jar:file:/opt/module/tez-0.9.1/lib/slf4j-log4j12-1.7.10.jar!/org/slf4j/impl/StaticLoggerBinder.class]
SLF4J: Found binding in [jar:file:/opt/module/hadoop-2.7.2/share/hadoop/common/lib/slf4j-log4j12-1.7.10.jar!/org/slf4j/impl/StaticLoggerBinder.class]
SLF4J: See http://www.slf4j.org/codes.html#multiple_bindings for an explanation.
SLF4J: Actual binding is of type [org.apache.logging.slf4j.Log4jLoggerFactory]
SLF4J: Class path contains multiple SLF4J bindings.
SLF4J: Found binding in [jar:file:/opt/module/hive/lib/log4j-slf4j-impl-2.6.2.jar!/org/slf4j/impl/StaticLoggerBinder.class]
SLF4J: Found binding in [jar:file:/opt/module/tez-0.9.1/lib/slf4j-log4j12-1.7.10.jar!/org/slf4j/impl/StaticLoggerBinder.class]
SLF4J: Found binding in [jar:file:/opt/module/hadoop-2.7.2/share/hadoop/common/lib/slf4j-log4j12-1.7.10.jar!/org/slf4j/impl/StaticLoggerBinder.class]
SLF4J: See http://www.slf4j.org/codes.html#multiple_bindings for an explanation.
SLF4J: Actual binding is of type [org.apache.logging.slf4j.Log4jLoggerFactory]
OK
OK
OK
OK
OK
OK
OK
OK
OK
Query ID = atguigu_20200403105234_58a1f0cd-fa81-46c9-83f9-9eed7931d247
Total jobs = 1
Launching Job 1 out of 1
Status: Running (Executing on YARN cluster with App id application_1585875289712_0008)

Loading data to table gmall.dwd_start_log partition (dt=2020-03-03)
OK
OK
SLF4J: Failed to load class "org.slf4j.impl.StaticLoggerBinder".
SLF4J: Defaulting to no-operation (NOP) logger implementation
SLF4J: See http://www.slf4j.org/codes.html#StaticLoggerBinder for further details.
OK
OK
OK
OK
OK
OK
OK
OK
OK
OK
OK
OK
OK
