2020-04-08 00:00:36: Starting Hive Metastore Server
SLF4J: Class path contains multiple SLF4J bindings.
SLF4J: Found binding in [jar:file:/opt/module/hive/lib/log4j-slf4j-impl-2.6.2.jar!/org/slf4j/impl/StaticLoggerBinder.class]
SLF4J: Found binding in [jar:file:/opt/module/tez-0.9.1/lib/slf4j-log4j12-1.7.10.jar!/org/slf4j/impl/StaticLoggerBinder.class]
SLF4J: Found binding in [jar:file:/opt/module/hadoop-2.7.2/share/hadoop/common/lib/slf4j-log4j12-1.7.10.jar!/org/slf4j/impl/StaticLoggerBinder.class]
SLF4J: See http://www.slf4j.org/codes.html#multiple_bindings for an explanation.
SLF4J: Actual binding is of type [org.apache.logging.slf4j.Log4jLoggerFactory]
2020-04-09 00:12:03,598 pool-6-thread-83 ERROR Unable to move file /tmp/atguigu/hive.log.2020-04-08 to /tmp/atguigu/hive.log.2020-04-08: java.nio.file.NoSuchFileException /tmp/atguigu/hive.log.2020-04-08 -> /tmp/atguigu/hive.log.2020-04-08
2020-04-09 00:12:03,600 pool-6-thread-83 ERROR Unable to copy file /tmp/atguigu/hive.log.2020-04-08 to /tmp/atguigu/hive.log.2020-04-08: java.nio.file.NoSuchFileException /tmp/atguigu/hive.log.2020-04-08
2020-04-12 00:00:34: Starting Hive Metastore Server
SLF4J: Class path contains multiple SLF4J bindings.
SLF4J: Found binding in [jar:file:/opt/module/hive/lib/log4j-slf4j-impl-2.6.2.jar!/org/slf4j/impl/StaticLoggerBinder.class]
SLF4J: Found binding in [jar:file:/opt/module/tez-0.9.1/lib/slf4j-log4j12-1.7.10.jar!/org/slf4j/impl/StaticLoggerBinder.class]
SLF4J: Found binding in [jar:file:/opt/module/hadoop-2.7.2/share/hadoop/common/lib/slf4j-log4j12-1.7.10.jar!/org/slf4j/impl/StaticLoggerBinder.class]
SLF4J: See http://www.slf4j.org/codes.html#multiple_bindings for an explanation.
SLF4J: Actual binding is of type [org.apache.logging.slf4j.Log4jLoggerFactory]
org.apache.thrift.transport.TTransportException: Could not create ServerSocket on address 0.0.0.0/0.0.0.0:9083.
	at org.apache.thrift.transport.TServerSocket.<init>(TServerSocket.java:109)
	at org.apache.thrift.transport.TServerSocket.<init>(TServerSocket.java:91)
	at org.apache.thrift.transport.TServerSocket.<init>(TServerSocket.java:87)
	at org.apache.hadoop.hive.common.auth.HiveAuthUtils.getServerSocket(HiveAuthUtils.java:87)
	at org.apache.hadoop.hive.metastore.HiveMetaStore.startMetaStore(HiveMetaStore.java:7195)
	at org.apache.hadoop.hive.metastore.HiveMetaStore.main(HiveMetaStore.java:7076)
	at sun.reflect.NativeMethodAccessorImpl.invoke0(Native Method)
	at sun.reflect.NativeMethodAccessorImpl.invoke(NativeMethodAccessorImpl.java:62)
	at sun.reflect.DelegatingMethodAccessorImpl.invoke(DelegatingMethodAccessorImpl.java:43)
	at java.lang.reflect.Method.invoke(Method.java:498)
	at org.apache.hadoop.util.RunJar.run(RunJar.java:221)
	at org.apache.hadoop.util.RunJar.main(RunJar.java:136)
Caused by: java.net.BindException: 地址已在使用 (Bind failed)
	at java.net.PlainSocketImpl.socketBind(Native Method)
	at java.net.AbstractPlainSocketImpl.bind(AbstractPlainSocketImpl.java:387)
	at java.net.ServerSocket.bind(ServerSocket.java:375)
	at org.apache.thrift.transport.TServerSocket.<init>(TServerSocket.java:106)
	... 11 more
Exception in thread "main" org.apache.thrift.transport.TTransportException: Could not create ServerSocket on address 0.0.0.0/0.0.0.0:9083.
	at org.apache.thrift.transport.TServerSocket.<init>(TServerSocket.java:109)
	at org.apache.thrift.transport.TServerSocket.<init>(TServerSocket.java:91)
	at org.apache.thrift.transport.TServerSocket.<init>(TServerSocket.java:87)
	at org.apache.hadoop.hive.common.auth.HiveAuthUtils.getServerSocket(HiveAuthUtils.java:87)
	at org.apache.hadoop.hive.metastore.HiveMetaStore.startMetaStore(HiveMetaStore.java:7195)
	at org.apache.hadoop.hive.metastore.HiveMetaStore.main(HiveMetaStore.java:7076)
	at sun.reflect.NativeMethodAccessorImpl.invoke0(Native Method)
	at sun.reflect.NativeMethodAccessorImpl.invoke(NativeMethodAccessorImpl.java:62)
	at sun.reflect.DelegatingMethodAccessorImpl.invoke(DelegatingMethodAccessorImpl.java:43)
	at java.lang.reflect.Method.invoke(Method.java:498)
	at org.apache.hadoop.util.RunJar.run(RunJar.java:221)
	at org.apache.hadoop.util.RunJar.main(RunJar.java:136)
Caused by: java.net.BindException: 地址已在使用 (Bind failed)
	at java.net.PlainSocketImpl.socketBind(Native Method)
	at java.net.AbstractPlainSocketImpl.bind(AbstractPlainSocketImpl.java:387)
	at java.net.ServerSocket.bind(ServerSocket.java:375)
	at org.apache.thrift.transport.TServerSocket.<init>(TServerSocket.java:106)
	... 11 more
2020-04-12 00:11:12,683 pool-6-thread-158 ERROR Unable to move file /tmp/atguigu/hive.log.2020-04-09 to /tmp/atguigu/hive.log.2020-04-09: java.nio.file.NoSuchFileException /tmp/atguigu/hive.log.2020-04-09 -> /tmp/atguigu/hive.log.2020-04-09
2020-04-12 00:11:12,684 pool-6-thread-158 ERROR Unable to copy file /tmp/atguigu/hive.log.2020-04-09 to /tmp/atguigu/hive.log.2020-04-09: java.nio.file.NoSuchFileException /tmp/atguigu/hive.log.2020-04-09
2020-04-13 00:09:45,805 pool-6-thread-199 ERROR Unable to move file /tmp/atguigu/hive.log.2020-04-12 to /tmp/atguigu/hive.log.2020-04-12: java.nio.file.NoSuchFileException /tmp/atguigu/hive.log.2020-04-12 -> /tmp/atguigu/hive.log.2020-04-12
2020-04-13 00:09:45,805 pool-6-thread-199 ERROR Unable to copy file /tmp/atguigu/hive.log.2020-04-12 to /tmp/atguigu/hive.log.2020-04-12: java.nio.file.NoSuchFileException /tmp/atguigu/hive.log.2020-04-12
2020-04-14 00:10:42,874 pool-6-thread-200 ERROR Unable to move file /tmp/atguigu/hive.log.2020-04-13 to /tmp/atguigu/hive.log.2020-04-13: java.nio.file.NoSuchFileException /tmp/atguigu/hive.log.2020-04-13 -> /tmp/atguigu/hive.log.2020-04-13
2020-04-14 00:10:42,874 pool-6-thread-200 ERROR Unable to copy file /tmp/atguigu/hive.log.2020-04-13 to /tmp/atguigu/hive.log.2020-04-13: java.nio.file.NoSuchFileException /tmp/atguigu/hive.log.2020-04-13
2020-04-15 00:07:03,333 pool-6-thread-199 ERROR Unable to move file /tmp/atguigu/hive.log.2020-04-14 to /tmp/atguigu/hive.log.2020-04-14: java.nio.file.NoSuchFileException /tmp/atguigu/hive.log.2020-04-14 -> /tmp/atguigu/hive.log.2020-04-14
2020-04-15 00:07:03,333 pool-6-thread-199 ERROR Unable to copy file /tmp/atguigu/hive.log.2020-04-14 to /tmp/atguigu/hive.log.2020-04-14: java.nio.file.NoSuchFileException /tmp/atguigu/hive.log.2020-04-14
2020-04-16 00:09:41,962 pool-6-thread-200 ERROR Unable to move file /tmp/atguigu/hive.log.2020-04-15 to /tmp/atguigu/hive.log.2020-04-15: java.nio.file.NoSuchFileException /tmp/atguigu/hive.log.2020-04-15 -> /tmp/atguigu/hive.log.2020-04-15
2020-04-16 00:09:41,962 pool-6-thread-200 ERROR Unable to copy file /tmp/atguigu/hive.log.2020-04-15 to /tmp/atguigu/hive.log.2020-04-15: java.nio.file.NoSuchFileException /tmp/atguigu/hive.log.2020-04-15
2020-04-17 00:09:39,596 pool-6-thread-198 ERROR Unable to move file /tmp/atguigu/hive.log.2020-04-16 to /tmp/atguigu/hive.log.2020-04-16: java.nio.file.NoSuchFileException /tmp/atguigu/hive.log.2020-04-16 -> /tmp/atguigu/hive.log.2020-04-16
2020-04-17 00:09:39,597 pool-6-thread-198 ERROR Unable to copy file /tmp/atguigu/hive.log.2020-04-16 to /tmp/atguigu/hive.log.2020-04-16: java.nio.file.NoSuchFileException /tmp/atguigu/hive.log.2020-04-16
2020-04-18 00:09:47,892 pool-6-thread-198 ERROR Unable to move file /tmp/atguigu/hive.log.2020-04-17 to /tmp/atguigu/hive.log.2020-04-17: java.nio.file.NoSuchFileException /tmp/atguigu/hive.log.2020-04-17 -> /tmp/atguigu/hive.log.2020-04-17
2020-04-18 00:09:47,893 pool-6-thread-198 ERROR Unable to copy file /tmp/atguigu/hive.log.2020-04-17 to /tmp/atguigu/hive.log.2020-04-17: java.nio.file.NoSuchFileException /tmp/atguigu/hive.log.2020-04-17
2020-04-19 00:09:41,668 pool-6-thread-200 ERROR Unable to move file /tmp/atguigu/hive.log.2020-04-18 to /tmp/atguigu/hive.log.2020-04-18: java.nio.file.NoSuchFileException /tmp/atguigu/hive.log.2020-04-18 -> /tmp/atguigu/hive.log.2020-04-18
2020-04-19 00:09:41,668 pool-6-thread-200 ERROR Unable to copy file /tmp/atguigu/hive.log.2020-04-18 to /tmp/atguigu/hive.log.2020-04-18: java.nio.file.NoSuchFileException /tmp/atguigu/hive.log.2020-04-18
2020-04-20 00:09:41,236 pool-6-thread-200 ERROR Unable to move file /tmp/atguigu/hive.log.2020-04-19 to /tmp/atguigu/hive.log.2020-04-19: java.nio.file.NoSuchFileException /tmp/atguigu/hive.log.2020-04-19 -> /tmp/atguigu/hive.log.2020-04-19
2020-04-20 00:09:41,238 pool-6-thread-200 ERROR Unable to copy file /tmp/atguigu/hive.log.2020-04-19 to /tmp/atguigu/hive.log.2020-04-19: java.nio.file.NoSuchFileException /tmp/atguigu/hive.log.2020-04-19
2020-04-21 00:09:42,630 pool-6-thread-198 ERROR Unable to move file /tmp/atguigu/hive.log.2020-04-20 to /tmp/atguigu/hive.log.2020-04-20: java.nio.file.NoSuchFileException /tmp/atguigu/hive.log.2020-04-20 -> /tmp/atguigu/hive.log.2020-04-20
2020-04-21 00:09:42,631 pool-6-thread-198 ERROR Unable to copy file /tmp/atguigu/hive.log.2020-04-20 to /tmp/atguigu/hive.log.2020-04-20: java.nio.file.NoSuchFileException /tmp/atguigu/hive.log.2020-04-20
