2020-03-08 12:14:10,410 [myid:] - INFO  [main:QuorumPeerConfig@134] - Reading configuration from: /opt/module/zookeeper-3.4.10/bin/../conf/zoo.cfg
2020-03-08 12:14:10,427 [myid:] - INFO  [main:QuorumPeer$QuorumServer@167] - Resolved hostname: hadoop104 to address: hadoop104/192.168.10.104
2020-03-08 12:14:10,427 [myid:] - INFO  [main:QuorumPeer$QuorumServer@167] - Resolved hostname: hadoop103 to address: hadoop103/192.168.10.103
2020-03-08 12:14:10,428 [myid:] - INFO  [main:QuorumPeer$QuorumServer@167] - Resolved hostname: hadoop102 to address: hadoop102/192.168.10.102
2020-03-08 12:14:10,428 [myid:] - INFO  [main:QuorumPeerConfig@396] - Defaulting to majority quorums
2020-03-08 12:14:10,447 [myid:3] - INFO  [main:DatadirCleanupManager@78] - autopurge.snapRetainCount set to 3
2020-03-08 12:14:10,448 [myid:3] - INFO  [main:DatadirCleanupManager@79] - autopurge.purgeInterval set to 0
2020-03-08 12:14:10,448 [myid:3] - INFO  [main:DatadirCleanupManager@101] - Purge task is not scheduled.
2020-03-08 12:14:10,456 [myid:3] - INFO  [main:QuorumPeerMain@127] - Starting quorum peer
2020-03-08 12:14:10,464 [myid:3] - INFO  [main:NIOServerCnxnFactory@89] - binding to port 0.0.0.0/0.0.0.0:2181
2020-03-08 12:14:10,482 [myid:3] - INFO  [main:QuorumPeer@1134] - minSessionTimeout set to -1
2020-03-08 12:14:10,483 [myid:3] - INFO  [main:QuorumPeer@1145] - maxSessionTimeout set to -1
2020-03-08 12:14:10,483 [myid:3] - INFO  [main:QuorumPeer@1419] - QuorumPeer communication is not secured!
2020-03-08 12:14:10,483 [myid:3] - INFO  [main:QuorumPeer@1448] - quorum.cnxn.threads.size set to 20
2020-03-08 12:14:10,624 [myid:3] - INFO  [ListenerThread:QuorumCnxManager$Listener@739] - My election bind port: hadoop103/192.168.10.103:3888
2020-03-08 12:14:10,629 [myid:3] - INFO  [QuorumPeer[myid=3]/0:0:0:0:0:0:0:0:2181:QuorumPeer@865] - LOOKING
2020-03-08 12:14:10,631 [myid:3] - INFO  [QuorumPeer[myid=3]/0:0:0:0:0:0:0:0:2181:FastLeaderElection@818] - New election. My id =  3, proposed zxid=0x600000053
2020-03-08 12:14:10,634 [myid:3] - WARN  [WorkerSender[myid=3]:QuorumCnxManager@588] - Cannot open channel to 2 at election address hadoop102/192.168.10.102:3888
java.net.ConnectException: 拒绝连接 (Connection refused)
	at java.net.PlainSocketImpl.socketConnect(Native Method)
	at java.net.AbstractPlainSocketImpl.doConnect(AbstractPlainSocketImpl.java:350)
	at java.net.AbstractPlainSocketImpl.connectToAddress(AbstractPlainSocketImpl.java:206)
	at java.net.AbstractPlainSocketImpl.connect(AbstractPlainSocketImpl.java:188)
	at java.net.SocksSocketImpl.connect(SocksSocketImpl.java:392)
	at java.net.Socket.connect(Socket.java:589)
	at org.apache.zookeeper.server.quorum.QuorumCnxManager.connectOne(QuorumCnxManager.java:562)
	at org.apache.zookeeper.server.quorum.QuorumCnxManager.toSend(QuorumCnxManager.java:538)
	at org.apache.zookeeper.server.quorum.FastLeaderElection$Messenger$WorkerSender.process(FastLeaderElection.java:452)
	at org.apache.zookeeper.server.quorum.FastLeaderElection$Messenger$WorkerSender.run(FastLeaderElection.java:433)
	at java.lang.Thread.run(Thread.java:748)
2020-03-08 12:14:10,636 [myid:3] - INFO  [WorkerSender[myid=3]:QuorumPeer$QuorumServer@167] - Resolved hostname: hadoop102 to address: hadoop102/192.168.10.102
2020-03-08 12:14:10,636 [myid:3] - INFO  [WorkerReceiver[myid=3]:FastLeaderElection@600] - Notification: 1 (message format version), 3 (n.leader), 0x600000053 (n.zxid), 0x1 (n.round), LOOKING (n.state), 3 (n.sid), 0x6 (n.peerEpoch) LOOKING (my state)
2020-03-08 12:14:10,636 [myid:3] - WARN  [WorkerSender[myid=3]:QuorumCnxManager@588] - Cannot open channel to 4 at election address hadoop104/192.168.10.104:3888
java.net.ConnectException: 拒绝连接 (Connection refused)
	at java.net.PlainSocketImpl.socketConnect(Native Method)
	at java.net.AbstractPlainSocketImpl.doConnect(AbstractPlainSocketImpl.java:350)
	at java.net.AbstractPlainSocketImpl.connectToAddress(AbstractPlainSocketImpl.java:206)
	at java.net.AbstractPlainSocketImpl.connect(AbstractPlainSocketImpl.java:188)
	at java.net.SocksSocketImpl.connect(SocksSocketImpl.java:392)
	at java.net.Socket.connect(Socket.java:589)
	at org.apache.zookeeper.server.quorum.QuorumCnxManager.connectOne(QuorumCnxManager.java:562)
	at org.apache.zookeeper.server.quorum.QuorumCnxManager.toSend(QuorumCnxManager.java:538)
	at org.apache.zookeeper.server.quorum.FastLeaderElection$Messenger$WorkerSender.process(FastLeaderElection.java:452)
	at org.apache.zookeeper.server.quorum.FastLeaderElection$Messenger$WorkerSender.run(FastLeaderElection.java:433)
	at java.lang.Thread.run(Thread.java:748)
2020-03-08 12:14:10,637 [myid:3] - INFO  [WorkerSender[myid=3]:QuorumPeer$QuorumServer@167] - Resolved hostname: hadoop104 to address: hadoop104/192.168.10.104
2020-03-08 12:14:10,839 [myid:3] - WARN  [QuorumPeer[myid=3]/0:0:0:0:0:0:0:0:2181:QuorumCnxManager@588] - Cannot open channel to 2 at election address hadoop102/192.168.10.102:3888
java.net.ConnectException: 拒绝连接 (Connection refused)
	at java.net.PlainSocketImpl.socketConnect(Native Method)
	at java.net.AbstractPlainSocketImpl.doConnect(AbstractPlainSocketImpl.java:350)
	at java.net.AbstractPlainSocketImpl.connectToAddress(AbstractPlainSocketImpl.java:206)
	at java.net.AbstractPlainSocketImpl.connect(AbstractPlainSocketImpl.java:188)
	at java.net.SocksSocketImpl.connect(SocksSocketImpl.java:392)
	at java.net.Socket.connect(Socket.java:589)
	at org.apache.zookeeper.server.quorum.QuorumCnxManager.connectOne(QuorumCnxManager.java:562)
	at org.apache.zookeeper.server.quorum.QuorumCnxManager.connectAll(QuorumCnxManager.java:614)
	at org.apache.zookeeper.server.quorum.FastLeaderElection.lookForLeader(FastLeaderElection.java:843)
	at org.apache.zookeeper.server.quorum.QuorumPeer.run(QuorumPeer.java:913)
2020-03-08 12:14:10,839 [myid:3] - INFO  [QuorumPeer[myid=3]/0:0:0:0:0:0:0:0:2181:QuorumPeer$QuorumServer@167] - Resolved hostname: hadoop102 to address: hadoop102/192.168.10.102
2020-03-08 12:14:10,839 [myid:3] - WARN  [QuorumPeer[myid=3]/0:0:0:0:0:0:0:0:2181:QuorumCnxManager@588] - Cannot open channel to 4 at election address hadoop104/192.168.10.104:3888
java.net.ConnectException: 拒绝连接 (Connection refused)
	at java.net.PlainSocketImpl.socketConnect(Native Method)
	at java.net.AbstractPlainSocketImpl.doConnect(AbstractPlainSocketImpl.java:350)
	at java.net.AbstractPlainSocketImpl.connectToAddress(AbstractPlainSocketImpl.java:206)
	at java.net.AbstractPlainSocketImpl.connect(AbstractPlainSocketImpl.java:188)
	at java.net.SocksSocketImpl.connect(SocksSocketImpl.java:392)
	at java.net.Socket.connect(Socket.java:589)
	at org.apache.zookeeper.server.quorum.QuorumCnxManager.connectOne(QuorumCnxManager.java:562)
	at org.apache.zookeeper.server.quorum.QuorumCnxManager.connectAll(QuorumCnxManager.java:614)
	at org.apache.zookeeper.server.quorum.FastLeaderElection.lookForLeader(FastLeaderElection.java:843)
	at org.apache.zookeeper.server.quorum.QuorumPeer.run(QuorumPeer.java:913)
2020-03-08 12:14:10,840 [myid:3] - INFO  [QuorumPeer[myid=3]/0:0:0:0:0:0:0:0:2181:QuorumPeer$QuorumServer@167] - Resolved hostname: hadoop104 to address: hadoop104/192.168.10.104
2020-03-08 12:14:10,840 [myid:3] - INFO  [QuorumPeer[myid=3]/0:0:0:0:0:0:0:0:2181:FastLeaderElection@852] - Notification time out: 400
2020-03-08 12:14:11,241 [myid:3] - WARN  [QuorumPeer[myid=3]/0:0:0:0:0:0:0:0:2181:QuorumCnxManager@588] - Cannot open channel to 2 at election address hadoop102/192.168.10.102:3888
java.net.ConnectException: 拒绝连接 (Connection refused)
	at java.net.PlainSocketImpl.socketConnect(Native Method)
	at java.net.AbstractPlainSocketImpl.doConnect(AbstractPlainSocketImpl.java:350)
	at java.net.AbstractPlainSocketImpl.connectToAddress(AbstractPlainSocketImpl.java:206)
	at java.net.AbstractPlainSocketImpl.connect(AbstractPlainSocketImpl.java:188)
	at java.net.SocksSocketImpl.connect(SocksSocketImpl.java:392)
	at java.net.Socket.connect(Socket.java:589)
	at org.apache.zookeeper.server.quorum.QuorumCnxManager.connectOne(QuorumCnxManager.java:562)
	at org.apache.zookeeper.server.quorum.QuorumCnxManager.connectAll(QuorumCnxManager.java:614)
	at org.apache.zookeeper.server.quorum.FastLeaderElection.lookForLeader(FastLeaderElection.java:843)
	at org.apache.zookeeper.server.quorum.QuorumPeer.run(QuorumPeer.java:913)
2020-03-08 12:14:11,242 [myid:3] - INFO  [QuorumPeer[myid=3]/0:0:0:0:0:0:0:0:2181:QuorumPeer$QuorumServer@167] - Resolved hostname: hadoop102 to address: hadoop102/192.168.10.102
2020-03-08 12:14:11,242 [myid:3] - WARN  [QuorumPeer[myid=3]/0:0:0:0:0:0:0:0:2181:QuorumCnxManager@588] - Cannot open channel to 4 at election address hadoop104/192.168.10.104:3888
java.net.ConnectException: 拒绝连接 (Connection refused)
	at java.net.PlainSocketImpl.socketConnect(Native Method)
	at java.net.AbstractPlainSocketImpl.doConnect(AbstractPlainSocketImpl.java:350)
	at java.net.AbstractPlainSocketImpl.connectToAddress(AbstractPlainSocketImpl.java:206)
	at java.net.AbstractPlainSocketImpl.connect(AbstractPlainSocketImpl.java:188)
	at java.net.SocksSocketImpl.connect(SocksSocketImpl.java:392)
	at java.net.Socket.connect(Socket.java:589)
	at org.apache.zookeeper.server.quorum.QuorumCnxManager.connectOne(QuorumCnxManager.java:562)
	at org.apache.zookeeper.server.quorum.QuorumCnxManager.connectAll(QuorumCnxManager.java:614)
	at org.apache.zookeeper.server.quorum.FastLeaderElection.lookForLeader(FastLeaderElection.java:843)
	at org.apache.zookeeper.server.quorum.QuorumPeer.run(QuorumPeer.java:913)
2020-03-08 12:14:11,243 [myid:3] - INFO  [QuorumPeer[myid=3]/0:0:0:0:0:0:0:0:2181:QuorumPeer$QuorumServer@167] - Resolved hostname: hadoop104 to address: hadoop104/192.168.10.104
2020-03-08 12:14:11,243 [myid:3] - INFO  [QuorumPeer[myid=3]/0:0:0:0:0:0:0:0:2181:FastLeaderElection@852] - Notification time out: 800
2020-03-08 12:14:12,044 [myid:3] - WARN  [QuorumPeer[myid=3]/0:0:0:0:0:0:0:0:2181:QuorumCnxManager@588] - Cannot open channel to 2 at election address hadoop102/192.168.10.102:3888
java.net.ConnectException: 拒绝连接 (Connection refused)
	at java.net.PlainSocketImpl.socketConnect(Native Method)
	at java.net.AbstractPlainSocketImpl.doConnect(AbstractPlainSocketImpl.java:350)
	at java.net.AbstractPlainSocketImpl.connectToAddress(AbstractPlainSocketImpl.java:206)
	at java.net.AbstractPlainSocketImpl.connect(AbstractPlainSocketImpl.java:188)
	at java.net.SocksSocketImpl.connect(SocksSocketImpl.java:392)
	at java.net.Socket.connect(Socket.java:589)
	at org.apache.zookeeper.server.quorum.QuorumCnxManager.connectOne(QuorumCnxManager.java:562)
	at org.apache.zookeeper.server.quorum.QuorumCnxManager.connectAll(QuorumCnxManager.java:614)
	at org.apache.zookeeper.server.quorum.FastLeaderElection.lookForLeader(FastLeaderElection.java:843)
	at org.apache.zookeeper.server.quorum.QuorumPeer.run(QuorumPeer.java:913)
2020-03-08 12:14:12,044 [myid:3] - INFO  [QuorumPeer[myid=3]/0:0:0:0:0:0:0:0:2181:QuorumPeer$QuorumServer@167] - Resolved hostname: hadoop102 to address: hadoop102/192.168.10.102
2020-03-08 12:14:12,045 [myid:3] - WARN  [QuorumPeer[myid=3]/0:0:0:0:0:0:0:0:2181:QuorumCnxManager@588] - Cannot open channel to 4 at election address hadoop104/192.168.10.104:3888
java.net.ConnectException: 拒绝连接 (Connection refused)
	at java.net.PlainSocketImpl.socketConnect(Native Method)
	at java.net.AbstractPlainSocketImpl.doConnect(AbstractPlainSocketImpl.java:350)
	at java.net.AbstractPlainSocketImpl.connectToAddress(AbstractPlainSocketImpl.java:206)
	at java.net.AbstractPlainSocketImpl.connect(AbstractPlainSocketImpl.java:188)
	at java.net.SocksSocketImpl.connect(SocksSocketImpl.java:392)
	at java.net.Socket.connect(Socket.java:589)
	at org.apache.zookeeper.server.quorum.QuorumCnxManager.connectOne(QuorumCnxManager.java:562)
	at org.apache.zookeeper.server.quorum.QuorumCnxManager.connectAll(QuorumCnxManager.java:614)
	at org.apache.zookeeper.server.quorum.FastLeaderElection.lookForLeader(FastLeaderElection.java:843)
	at org.apache.zookeeper.server.quorum.QuorumPeer.run(QuorumPeer.java:913)
2020-03-08 12:14:12,045 [myid:3] - INFO  [QuorumPeer[myid=3]/0:0:0:0:0:0:0:0:2181:QuorumPeer$QuorumServer@167] - Resolved hostname: hadoop104 to address: hadoop104/192.168.10.104
2020-03-08 12:14:12,045 [myid:3] - INFO  [QuorumPeer[myid=3]/0:0:0:0:0:0:0:0:2181:FastLeaderElection@852] - Notification time out: 1600
2020-03-08 12:14:13,647 [myid:3] - WARN  [QuorumPeer[myid=3]/0:0:0:0:0:0:0:0:2181:QuorumCnxManager@588] - Cannot open channel to 2 at election address hadoop102/192.168.10.102:3888
java.net.ConnectException: 拒绝连接 (Connection refused)
	at java.net.PlainSocketImpl.socketConnect(Native Method)
	at java.net.AbstractPlainSocketImpl.doConnect(AbstractPlainSocketImpl.java:350)
	at java.net.AbstractPlainSocketImpl.connectToAddress(AbstractPlainSocketImpl.java:206)
	at java.net.AbstractPlainSocketImpl.connect(AbstractPlainSocketImpl.java:188)
	at java.net.SocksSocketImpl.connect(SocksSocketImpl.java:392)
	at java.net.Socket.connect(Socket.java:589)
	at org.apache.zookeeper.server.quorum.QuorumCnxManager.connectOne(QuorumCnxManager.java:562)
	at org.apache.zookeeper.server.quorum.QuorumCnxManager.connectAll(QuorumCnxManager.java:614)
	at org.apache.zookeeper.server.quorum.FastLeaderElection.lookForLeader(FastLeaderElection.java:843)
	at org.apache.zookeeper.server.quorum.QuorumPeer.run(QuorumPeer.java:913)
2020-03-08 12:14:13,647 [myid:3] - INFO  [QuorumPeer[myid=3]/0:0:0:0:0:0:0:0:2181:QuorumPeer$QuorumServer@167] - Resolved hostname: hadoop102 to address: hadoop102/192.168.10.102
2020-03-08 12:14:13,647 [myid:3] - WARN  [QuorumPeer[myid=3]/0:0:0:0:0:0:0:0:2181:QuorumCnxManager@588] - Cannot open channel to 4 at election address hadoop104/192.168.10.104:3888
java.net.ConnectException: 拒绝连接 (Connection refused)
	at java.net.PlainSocketImpl.socketConnect(Native Method)
	at java.net.AbstractPlainSocketImpl.doConnect(AbstractPlainSocketImpl.java:350)
	at java.net.AbstractPlainSocketImpl.connectToAddress(AbstractPlainSocketImpl.java:206)
	at java.net.AbstractPlainSocketImpl.connect(AbstractPlainSocketImpl.java:188)
	at java.net.SocksSocketImpl.connect(SocksSocketImpl.java:392)
	at java.net.Socket.connect(Socket.java:589)
	at org.apache.zookeeper.server.quorum.QuorumCnxManager.connectOne(QuorumCnxManager.java:562)
	at org.apache.zookeeper.server.quorum.QuorumCnxManager.connectAll(QuorumCnxManager.java:614)
	at org.apache.zookeeper.server.quorum.FastLeaderElection.lookForLeader(FastLeaderElection.java:843)
	at org.apache.zookeeper.server.quorum.QuorumPeer.run(QuorumPeer.java:913)
2020-03-08 12:14:13,648 [myid:3] - INFO  [QuorumPeer[myid=3]/0:0:0:0:0:0:0:0:2181:QuorumPeer$QuorumServer@167] - Resolved hostname: hadoop104 to address: hadoop104/192.168.10.104
2020-03-08 12:14:13,648 [myid:3] - INFO  [QuorumPeer[myid=3]/0:0:0:0:0:0:0:0:2181:FastLeaderElection@852] - Notification time out: 3200
2020-03-08 12:14:16,848 [myid:3] - WARN  [QuorumPeer[myid=3]/0:0:0:0:0:0:0:0:2181:QuorumCnxManager@588] - Cannot open channel to 2 at election address hadoop102/192.168.10.102:3888
java.net.ConnectException: 拒绝连接 (Connection refused)
	at java.net.PlainSocketImpl.socketConnect(Native Method)
	at java.net.AbstractPlainSocketImpl.doConnect(AbstractPlainSocketImpl.java:350)
	at java.net.AbstractPlainSocketImpl.connectToAddress(AbstractPlainSocketImpl.java:206)
	at java.net.AbstractPlainSocketImpl.connect(AbstractPlainSocketImpl.java:188)
	at java.net.SocksSocketImpl.connect(SocksSocketImpl.java:392)
	at java.net.Socket.connect(Socket.java:589)
	at org.apache.zookeeper.server.quorum.QuorumCnxManager.connectOne(QuorumCnxManager.java:562)
	at org.apache.zookeeper.server.quorum.QuorumCnxManager.connectAll(QuorumCnxManager.java:614)
	at org.apache.zookeeper.server.quorum.FastLeaderElection.lookForLeader(FastLeaderElection.java:843)
	at org.apache.zookeeper.server.quorum.QuorumPeer.run(QuorumPeer.java:913)
2020-03-08 12:14:16,849 [myid:3] - INFO  [QuorumPeer[myid=3]/0:0:0:0:0:0:0:0:2181:QuorumPeer$QuorumServer@167] - Resolved hostname: hadoop102 to address: hadoop102/192.168.10.102
2020-03-08 12:14:16,849 [myid:3] - WARN  [QuorumPeer[myid=3]/0:0:0:0:0:0:0:0:2181:QuorumCnxManager@588] - Cannot open channel to 4 at election address hadoop104/192.168.10.104:3888
java.net.ConnectException: 拒绝连接 (Connection refused)
	at java.net.PlainSocketImpl.socketConnect(Native Method)
	at java.net.AbstractPlainSocketImpl.doConnect(AbstractPlainSocketImpl.java:350)
	at java.net.AbstractPlainSocketImpl.connectToAddress(AbstractPlainSocketImpl.java:206)
	at java.net.AbstractPlainSocketImpl.connect(AbstractPlainSocketImpl.java:188)
	at java.net.SocksSocketImpl.connect(SocksSocketImpl.java:392)
	at java.net.Socket.connect(Socket.java:589)
	at org.apache.zookeeper.server.quorum.QuorumCnxManager.connectOne(QuorumCnxManager.java:562)
	at org.apache.zookeeper.server.quorum.QuorumCnxManager.connectAll(QuorumCnxManager.java:614)
	at org.apache.zookeeper.server.quorum.FastLeaderElection.lookForLeader(FastLeaderElection.java:843)
	at org.apache.zookeeper.server.quorum.QuorumPeer.run(QuorumPeer.java:913)
2020-03-08 12:14:16,849 [myid:3] - INFO  [QuorumPeer[myid=3]/0:0:0:0:0:0:0:0:2181:QuorumPeer$QuorumServer@167] - Resolved hostname: hadoop104 to address: hadoop104/192.168.10.104
2020-03-08 12:14:16,849 [myid:3] - INFO  [QuorumPeer[myid=3]/0:0:0:0:0:0:0:0:2181:FastLeaderElection@852] - Notification time out: 6400
